2023-11-09 09:14:14.806  INFO 3276 --- [main] stSpringbootExceptionHandlingApplication : Starting RestSpringbootExceptionHandlingApplication using Java 17.0.8.1 on RajatDarvhekar with PID 3276 (C:\Users\Lenovo\Documents\workspace-spring-tool-suite-4-4.20.0.RELEASE\rest-springboot-dto-Exception-handling\target\classes started by Lenovo in C:\Users\Lenovo\Documents\workspace-spring-tool-suite-4-4.20.0.RELEASE\rest-springboot-dto-Exception-handling)
2023-11-09 09:14:14.812  INFO 3276 --- [main] stSpringbootExceptionHandlingApplication : No active profile set, falling back to 1 default profile: "default"
2023-11-09 09:14:15.424  INFO 3276 --- [main] .s.d.r.c.RepositoryConfigurationDelegate : Bootstrapping Spring Data JPA repositories in DEFAULT mode.
2023-11-09 09:14:15.482  INFO 3276 --- [main] .s.d.r.c.RepositoryConfigurationDelegate : Finished Spring Data repository scanning in 46 ms. Found 1 JPA repository interfaces.
2023-11-09 09:14:15.971  INFO 3276 --- [main] o.s.b.w.embedded.tomcat.TomcatWebServer  : Tomcat initialized with port(s): 8080 (http)
2023-11-09 09:14:15.981  INFO 3276 --- [main] o.apache.catalina.core.StandardService   : Starting service [Tomcat]
2023-11-09 09:14:15.981  INFO 3276 --- [main] org.apache.catalina.core.StandardEngine  : Starting Servlet engine: [Apache Tomcat/9.0.82]
2023-11-09 09:14:16.071  INFO 3276 --- [main] o.a.c.c.C.[Tomcat].[localhost].[/]       : Initializing Spring embedded WebApplicationContext
2023-11-09 09:14:16.072  INFO 3276 --- [main] w.s.c.ServletWebServerApplicationContext : Root WebApplicationContext: initialization completed in 1214 ms
2023-11-09 09:14:16.194  INFO 3276 --- [main] o.hibernate.jpa.internal.util.LogHelper  : HHH000204: Processing PersistenceUnitInfo [name: default]
2023-11-09 09:14:16.243  INFO 3276 --- [main] org.hibernate.Version                    : HHH000412: Hibernate ORM core version 5.6.15.Final
2023-11-09 09:14:16.397  INFO 3276 --- [main] o.hibernate.annotations.common.Version   : HCANN000001: Hibernate Commons Annotations {5.1.2.Final}
2023-11-09 09:14:16.495  INFO 3276 --- [main] com.zaxxer.hikari.HikariDataSource       : HikariPool-1 - Starting...
2023-11-09 09:14:16.856  INFO 3276 --- [main] com.zaxxer.hikari.HikariDataSource       : HikariPool-1 - Start completed.
2023-11-09 09:14:16.886  INFO 3276 --- [main] org.hibernate.dialect.Dialect            : HHH000400: Using dialect: org.hibernate.dialect.MySQL8Dialect
2023-11-09 09:14:17.517  INFO 3276 --- [main] o.h.e.t.j.p.i.JtaPlatformInitiator       : HHH000490: Using JtaPlatform implementation: [org.hibernate.engine.transaction.jta.platform.internal.NoJtaPlatform]
2023-11-09 09:14:17.526  INFO 3276 --- [main] j.LocalContainerEntityManagerFactoryBean : Initialized JPA EntityManagerFactory for persistence unit 'default'
2023-11-09 09:14:17.754  WARN 3276 --- [main] JpaBaseConfiguration$JpaWebConfiguration : spring.jpa.open-in-view is enabled by default. Therefore, database queries may be performed during view rendering. Explicitly configure spring.jpa.open-in-view to disable this warning
2023-11-09 09:14:18.030  INFO 3276 --- [main] o.s.b.w.embedded.tomcat.TomcatWebServer  : Tomcat started on port(s): 8080 (http) with context path ''
2023-11-09 09:14:18.038  INFO 3276 --- [main] stSpringbootExceptionHandlingApplication : Started RestSpringbootExceptionHandlingApplication in 3.599 seconds (JVM running for 4.201)
2023-11-09 09:15:07.318  INFO 3276 --- [http-nio-8080-exec-2] o.a.c.c.C.[Tomcat].[localhost].[/]       : Initializing Spring DispatcherServlet 'dispatcherServlet'
2023-11-09 09:15:07.318  INFO 3276 --- [http-nio-8080-exec-2] o.s.web.servlet.DispatcherServlet        : Initializing Servlet 'dispatcherServlet'
2023-11-09 09:15:07.319  INFO 3276 --- [http-nio-8080-exec-2] o.s.web.servlet.DispatcherServlet        : Completed initialization in 0 ms
2023-11-09 09:15:07.405  INFO 3276 --- [http-nio-8080-exec-2] c.h.s.r.CustomerRestController           : i am insert info
2023-11-09 09:15:07.405  WARN 3276 --- [http-nio-8080-exec-2] c.h.s.r.CustomerRestController           : i am insert warn
2023-11-09 09:15:07.406  INFO 3276 --- [http-nio-8080-exec-2] c.h.s.service.CustomerserviceImpl        : i am insert info
2023-11-09 09:15:07.406  WARN 3276 --- [http-nio-8080-exec-2] c.h.s.service.CustomerserviceImpl        : i am insert warn
2023-11-09 09:16:40.945  INFO 3276 --- [RMI TCP Connection(6)-127.0.0.1] inMXBeanRegistrar$SpringApplicationAdmin : Application shutdown requested.
2023-11-09 09:16:40.956  INFO 3276 --- [RMI TCP Connection(6)-127.0.0.1] o.apache.catalina.core.StandardService   : Stopping service [Tomcat]
2023-11-09 09:16:40.958  INFO 3276 --- [RMI TCP Connection(6)-127.0.0.1] o.a.c.c.C.[Tomcat].[localhost].[/]       : Destroying Spring FrameworkServlet 'dispatcherServlet'
2023-11-09 09:16:40.963  INFO 3276 --- [RMI TCP Connection(6)-127.0.0.1] j.LocalContainerEntityManagerFactoryBean : Closing JPA EntityManagerFactory for persistence unit 'default'
2023-11-09 09:16:40.964  INFO 3276 --- [RMI TCP Connection(6)-127.0.0.1] com.zaxxer.hikari.HikariDataSource       : HikariPool-1 - Shutdown initiated...
2023-11-09 09:16:40.971  INFO 3276 --- [RMI TCP Connection(6)-127.0.0.1] com.zaxxer.hikari.HikariDataSource       : HikariPool-1 - Shutdown completed.
2023-11-09 09:16:42.800  INFO 12796 --- [main] stSpringbootExceptionHandlingApplication : Starting RestSpringbootExceptionHandlingApplication using Java 17.0.8.1 on RajatDarvhekar with PID 12796 (C:\Users\Lenovo\Documents\workspace-spring-tool-suite-4-4.20.0.RELEASE\rest-springboot-dto-Exception-handling\target\classes started by Lenovo in C:\Users\Lenovo\Documents\workspace-spring-tool-suite-4-4.20.0.RELEASE\rest-springboot-dto-Exception-handling)
2023-11-09 09:16:42.803  INFO 12796 --- [main] stSpringbootExceptionHandlingApplication : No active profile set, falling back to 1 default profile: "default"
2023-11-09 09:16:43.328  INFO 12796 --- [main] .s.d.r.c.RepositoryConfigurationDelegate : Bootstrapping Spring Data JPA repositories in DEFAULT mode.
2023-11-09 09:16:43.386  INFO 12796 --- [main] .s.d.r.c.RepositoryConfigurationDelegate : Finished Spring Data repository scanning in 50 ms. Found 1 JPA repository interfaces.
2023-11-09 09:16:43.810  INFO 12796 --- [main] o.s.b.w.embedded.tomcat.TomcatWebServer  : Tomcat initialized with port(s): 8080 (http)
2023-11-09 09:16:43.818  INFO 12796 --- [main] o.apache.catalina.core.StandardService   : Starting service [Tomcat]
2023-11-09 09:16:43.819  INFO 12796 --- [main] org.apache.catalina.core.StandardEngine  : Starting Servlet engine: [Apache Tomcat/9.0.82]
2023-11-09 09:16:43.902  INFO 12796 --- [main] o.a.c.c.C.[Tomcat].[localhost].[/]       : Initializing Spring embedded WebApplicationContext
2023-11-09 09:16:43.902  INFO 12796 --- [main] w.s.c.ServletWebServerApplicationContext : Root WebApplicationContext: initialization completed in 1057 ms
2023-11-09 09:16:44.015  INFO 12796 --- [main] o.hibernate.jpa.internal.util.LogHelper  : HHH000204: Processing PersistenceUnitInfo [name: default]
2023-11-09 09:16:44.057  INFO 12796 --- [main] org.hibernate.Version                    : HHH000412: Hibernate ORM core version 5.6.15.Final
2023-11-09 09:16:44.188  INFO 12796 --- [main] o.hibernate.annotations.common.Version   : HCANN000001: Hibernate Commons Annotations {5.1.2.Final}
2023-11-09 09:16:44.267  INFO 12796 --- [main] com.zaxxer.hikari.HikariDataSource       : HikariPool-1 - Starting...
2023-11-09 09:16:44.521  INFO 12796 --- [main] com.zaxxer.hikari.HikariDataSource       : HikariPool-1 - Start completed.
2023-11-09 09:16:44.545  INFO 12796 --- [main] org.hibernate.dialect.Dialect            : HHH000400: Using dialect: org.hibernate.dialect.MySQL8Dialect
2023-11-09 09:16:45.022  INFO 12796 --- [main] o.h.e.t.j.p.i.JtaPlatformInitiator       : HHH000490: Using JtaPlatform implementation: [org.hibernate.engine.transaction.jta.platform.internal.NoJtaPlatform]
2023-11-09 09:16:45.031  INFO 12796 --- [main] j.LocalContainerEntityManagerFactoryBean : Initialized JPA EntityManagerFactory for persistence unit 'default'
2023-11-09 09:16:45.266  WARN 12796 --- [main] JpaBaseConfiguration$JpaWebConfiguration : spring.jpa.open-in-view is enabled by default. Therefore, database queries may be performed during view rendering. Explicitly configure spring.jpa.open-in-view to disable this warning
2023-11-09 09:16:45.532  INFO 12796 --- [main] o.s.b.w.embedded.tomcat.TomcatWebServer  : Tomcat started on port(s): 8080 (http) with context path ''
2023-11-09 09:16:45.539  INFO 12796 --- [main] stSpringbootExceptionHandlingApplication : Started RestSpringbootExceptionHandlingApplication in 3.064 seconds (JVM running for 3.613)
2023-11-09 09:16:50.145  INFO 12796 --- [http-nio-8080-exec-1] o.a.c.c.C.[Tomcat].[localhost].[/]       : Initializing Spring DispatcherServlet 'dispatcherServlet'
2023-11-09 09:16:50.145  INFO 12796 --- [http-nio-8080-exec-1] o.s.web.servlet.DispatcherServlet        : Initializing Servlet 'dispatcherServlet'
2023-11-09 09:16:50.146  INFO 12796 --- [http-nio-8080-exec-1] o.s.web.servlet.DispatcherServlet        : Completed initialization in 0 ms
2023-11-09 09:16:50.236  INFO 12796 --- [http-nio-8080-exec-1] c.h.s.r.CustomerRestController           : i am insert info
2023-11-09 09:16:50.237  WARN 12796 --- [http-nio-8080-exec-1] c.h.s.r.CustomerRestController           : i am insert warn
2023-11-09 09:16:50.237  INFO 12796 --- [http-nio-8080-exec-1] c.h.s.service.CustomerserviceImpl        : i am insert info
2023-11-09 09:16:50.238  WARN 12796 --- [http-nio-8080-exec-1] c.h.s.service.CustomerserviceImpl        : i am insert warn
